# JRE version: Java(TM) SE Runtime Environment (8.0_102-b14) (build 1.8.0_102-b14)
# Java VM: Java HotSpot(TM) 64-Bit Server VM (25.102-b14 mixed mode linux-amd64 compressed oops)
Heap:
 PSYoungGen      total 244736K, used 101768K [0x00000000eab00000, 0x00000000fb180000, 0x0000000100000000)
  eden space 222208K, 45% used [0x00000000eab00000,0x00000000f0e62218,0x00000000f8400000)
  from space 22528K, 0% used [0x00000000f8400000,0x00000000f8400000,0x00000000f9a00000)
  to   space 21504K, 0% used [0x00000000f9c80000,0x00000000f9c80000,0x00000000fb180000)
 ParOldGen       total 102912K, used 49626K [0x00000000c0000000, 0x00000000c6480000, 0x00000000eab00000)
  object space 102912K, 48% used [0x00000000c0000000,0x00000000c3076820,0x00000000c6480000)
 Metaspace       used 57020K, capacity 58474K, committed 58624K, reserved 1099776K
  class space    used 7745K, capacity 8124K, committed 8192K, reserved 1048576K
GC Heap History (10 events):
Event: 63.687 GC heap before
{Heap before GC invocations=11 (full 2):
 PSYoungGen      total 180736K, used 169472K [0x00000000eab00000, 0x00000000f7f00000, 0x0000000100000000)
  eden space 169472K, 100% used [0x00000000eab00000,0x00000000f5080000,0x00000000f5080000)
  from space 11264K, 0% used [0x00000000f5d00000,0x00000000f5d00000,0x00000000f6800000)
  to   space 12800K, 0% used [0x00000000f5080000,0x00000000f5080000,0x00000000f5d00000)
 ParOldGen       total 52736K, used 17550K [0x00000000c0000000, 0x00000000c3380000, 0x00000000eab00000)
  object space 52736K, 33% used [0x00000000c0000000,0x00000000c1123ab8,0x00000000c3380000)
 Metaspace       used 42188K, capacity 42996K, committed 43392K, reserved 1087488K
  class space    used 5694K, capacity 5896K, committed 6016K, reserved 1048576K
Event: 63.892 GC heap after
Heap after GC invocations=11 (full 2):
 PSYoungGen      total 182272K, used 12768K [0x00000000eab00000, 0x00000000fa980000, 0x0000000100000000)
  eden space 169472K, 0% used [0x00000000eab00000,0x00000000eab00000,0x00000000f5080000)
  from space 12800K, 99% used [0x00000000f5080000,0x00000000f5cf80b8,0x00000000f5d00000)
  to   space 15872K, 0% used [0x00000000f9a00000,0x00000000f9a00000,0x00000000fa980000)
 ParOldGen       total 52736K, used 20099K [0x00000000c0000000, 0x00000000c3380000, 0x00000000eab00000)
  object space 52736K, 38% used [0x00000000c0000000,0x00000000c13a0c18,0x00000000c3380000)
 Metaspace       used 42188K, capacity 42996K, committed 43392K, reserved 1087488K
  class space    used 5694K, capacity 5896K, committed 6016K, reserved 1048576K
}
Event: 89.422 GC heap before
{Heap before GC invocations=12 (full 2):
 PSYoungGen      total 182272K, used 182240K [0x00000000eab00000, 0x00000000fa980000, 0x0000000100000000)
  eden space 169472K, 100% used [0x00000000eab00000,0x00000000f5080000,0x00000000f5080000)
  from space 12800K, 99% used [0x00000000f5080000,0x00000000f5cf80b8,0x00000000f5d00000)
  to   space 15872K, 0% used [0x00000000f9a00000,0x00000000f9a00000,0x00000000fa980000)
 ParOldGen       total 52736K, used 20099K [0x00000000c0000000, 0x00000000c3380000, 0x00000000eab00000)
  object space 52736K, 38% used [0x00000000c0000000,0x00000000c13a0c18,0x00000000c3380000)
 Metaspace       used 50176K, capacity 51228K, committed 51456K, reserved 1093632K
  class space    used 6849K, capacity 7097K, committed 7168K, reserved 1048576K
Event: 89.720 GC heap after
Heap after GC invocations=12 (full 2):
 PSYoungGen      total 238080K, used 15842K [0x00000000eab00000, 0x00000000fb380000, 0x0000000100000000)
  eden space 222208K, 0% used [0x00000000eab00000,0x00000000eab00000,0x00000000f8400000)
  from space 15872K, 99% used [0x00000000f9a00000,0x00000000fa978be8,0x00000000fa980000)
  to   space 22528K, 0% used [0x00000000f8400000,0x00000000f8400000,0x00000000f9a00000)
 ParOldGen       total 52736K, used 32050K [0x00000000c0000000, 0x00000000c3380000, 0x00000000eab00000)
  object space 52736K, 60% used [0x00000000c0000000,0x00000000c1f4c8f0,0x00000000c3380000)
 Metaspace       used 50176K, capacity 51228K, committed 51456K, reserved 1093632K
  class space    used 6849K, capacity 7097K, committed 7168K, reserved 1048576K
}
Event: 101.652 GC heap before
{Heap before GC invocations=13 (full 2):
 PSYoungGen      total 238080K, used 110071K [0x00000000eab00000, 0x00000000fb380000, 0x0000000100000000)
  eden space 222208K, 42% used [0x00000000eab00000,0x00000000f0705170,0x00000000f8400000)
  from space 15872K, 99% used [0x00000000f9a00000,0x00000000fa978be8,0x00000000fa980000)
  to   space 22528K, 0% used [0x00000000f8400000,0x00000000f8400000,0x00000000f9a00000)
 ParOldGen       total 52736K, used 32050K [0x00000000c0000000, 0x00000000c3380000, 0x00000000eab00000)
  object space 52736K, 60% used [0x00000000c0000000,0x00000000c1f4c8f0,0x00000000c3380000)
 Metaspace       used 53029K, capacity 54296K, committed 54528K, reserved 1095680K
  class space    used 7307K, capacity 7602K, committed 7680K, reserved 1048576K
Event: 102.100 GC heap after
Heap after GC invocations=13 (full 2):
 PSYoungGen      total 244736K, used 9899K [0x00000000eab00000, 0x00000000fb180000, 0x0000000100000000)
  eden space 222208K, 0% used [0x00000000eab00000,0x00000000eab00000,0x00000000f8400000)
  from space 22528K, 43% used [0x00000000f8400000,0x00000000f8daacd0,0x00000000f9a00000)
  to   space 21504K, 0% used [0x00000000f9c80000,0x00000000f9c80000,0x00000000fb180000)
 ParOldGen       total 52736K, used 47837K [0x00000000c0000000, 0x00000000c3380000, 0x00000000eab00000)
  object space 52736K, 90% used [0x00000000c0000000,0x00000000c2eb7440,0x00000000c3380000)
 Metaspace       used 53029K, capacity 54296K, committed 54528K, reserved 1095680K
  class space    used 7307K, capacity 7602K, committed 7680K, reserved 1048576K
}
Event: 102.100 GC heap before
{Heap before GC invocations=14 (full 3):
 PSYoungGen      total 244736K, used 9899K [0x00000000eab00000, 0x00000000fb180000, 0x0000000100000000)
  eden space 222208K, 0% used [0x00000000eab00000,0x00000000eab00000,0x00000000f8400000)
  from space 22528K, 43% used [0x00000000f8400000,0x00000000f8daacd0,0x00000000f9a00000)
  to   space 21504K, 0% used [0x00000000f9c80000,0x00000000f9c80000,0x00000000fb180000)
 ParOldGen       total 52736K, used 47837K [0x00000000c0000000, 0x00000000c3380000, 0x00000000eab00000)
  object space 52736K, 90% used [0x00000000c0000000,0x00000000c2eb7440,0x00000000c3380000)
 Metaspace       used 53029K, capacity 54296K, committed 54528K, reserved 1095680K
  class space    used 7307K, capacity 7602K, committed 7680K, reserved 1048576K
Event: 103.736 GC heap after
Heap after GC invocations=14 (full 3):
 PSYoungGen      total 244736K, used 0K [0x00000000eab00000, 0x00000000fb180000, 0x0000000100000000)
  eden space 222208K, 0% used [0x00000000eab00000,0x00000000eab00000,0x00000000f8400000)
  from space 22528K, 0% used [0x00000000f8400000,0x00000000f8400000,0x00000000f9a00000)
  to   space 21504K, 0% used [0x00000000f9c80000,0x00000000f9c80000,0x00000000fb180000)
 ParOldGen       total 52736K, used 50941K [0x00000000c0000000, 0x00000000c3380000, 0x00000000eab00000)
  object space 52736K, 96% used [0x00000000c0000000,0x00000000c31bf408,0x00000000c3380000)
 Metaspace       used 53029K, capacity 54296K, committed 54528K, reserved 1095680K
  class space    used 7307K, capacity 7602K, committed 7680K, reserved 1048576K
}
Event: 133.224 GC heap before
{Heap before GC invocations=15 (full 4):
 PSYoungGen      total 244736K, used 222208K [0x00000000eab00000, 0x00000000fb180000, 0x0000000100000000)
  eden space 222208K, 100% used [0x00000000eab00000,0x00000000f8400000,0x00000000f8400000)
  from space 22528K, 0% used [0x00000000f8400000,0x00000000f8400000,0x00000000f9a00000)
  to   space 21504K, 0% used [0x00000000f9c80000,0x00000000f9c80000,0x00000000fb180000)
 ParOldGen       total 52736K, used 50941K [0x00000000c0000000, 0x00000000c3380000, 0x00000000eab00000)
  object space 52736K, 96% used [0x00000000c0000000,0x00000000c31bf408,0x00000000c3380000)
 Metaspace       used 53494K, capacity 54956K, committed 55040K, reserved 1097728K
  class space    used 7335K, capacity 7668K, committed 7680K, reserved 1048576K
Event: 134.768 GC heap after
Heap after GC invocations=15 (full 4):
 PSYoungGen      total 244736K, used 0K [0x00000000eab00000, 0x00000000fb180000, 0x0000000100000000)
  eden space 222208K, 0% used [0x00000000eab00000,0x00000000eab00000,0x00000000f8400000)
  from space 22528K, 0% used [0x00000000f8400000,0x00000000f8400000,0x00000000f9a00000)
  to   space 21504K, 0% used [0x00000000f9c80000,0x00000000f9c80000,0x00000000fb180000)
 ParOldGen       total 102912K, used 49626K [0x00000000c0000000, 0x00000000c6480000, 0x00000000eab00000)
  object space 102912K, 48% used [0x00000000c0000000,0x00000000c3076820,0x00000000c6480000)
 Metaspace       used 53494K, capacity 54956K, committed 55040K, reserved 1097728K
  class space    used 7335K, capacity 7668K, committed 7680K, reserved 1048576K
}

